============================= test session starts ==============================
platform linux -- Python 3.12.13, pytest-8.3.4, pluggy-1.6.0
rootdir: /home/runner/work/synapse/synapse
configfile: pyproject.toml
testpaths: tests
plugins: anyio-4.13.0, asyncio-0.25.3, cov-6.0.0
asyncio: mode=Mode.AUTO, asyncio_default_fixture_loop_scope=function
collected 44 items / 6 deselected / 38 selected

tests/test_checkpoint_cli.py .                                           [  2%]
tests/test_daemon_torture.py .F...                                       [ 15%]
tests/test_deterministic_indexing.py ..                                  [ 21%]
tests/test_git_integration.py .                                          [ 23%]
tests/test_ignore_and_binary.py ...                                      [ 31%]
tests/test_lesson_lifecycle.py ............                              [ 63%]
tests/test_package.py .                                                  [ 65%]
tests/test_recovery.py .                                                 [ 68%]
tests/test_recovery_robustness.py ...                                    [ 76%]
tests/test_retrieval_and_budgeting.py ..                                 [ 81%]
tests/test_retrieval_quality.py ....                                     [ 92%]
tests/test_serialization.py ..                                           [ 97%]
tests/test_wiki_cost_cli.py .                                            [100%]

=================================== FAILURES ===================================
____________________ test_daemon_survives_branch_switching _____________________

torture_settings = SynapseSettings(profile=<RuntimeProfile.TEST: 'test'>, mode=<RuntimeMode.ACTIVE: 'active'>, repository_path=PosixPath(...odel=None, ollama_url='http://127.0.0.1:11434', mcp_host='127.0.0.1', mcp_port=9876, daemon_poll_interval_seconds=0.05)

    @pytest.mark.asyncio
    async def test_daemon_survives_branch_switching(torture_settings: SynapseSettings) -> None:
        """Verify daemon updates its active commit and indices correctly on branch checkout."""
        daemon = RuntimeDaemon(torture_settings)
        daemon_task = asyncio.create_task(daemon.start())
    
        await asyncio.sleep(0.2)
    
        repo = torture_settings.repository_path
        git_bin = shutil.which("git") or "git"
    
        # Create and checkout feature branch
        subprocess.run([git_bin, "checkout", "-b", "feature/torture"], cwd=repo, check=True)
        (repo / "feature.py").write_text("def feature(): pass\n", encoding="utf-8")
        subprocess.run([git_bin, "add", "."], cwd=repo, check=True)
        subprocess.run([git_bin, "commit", "-m", "add feature file"], cwd=repo, check=True)
    
        await asyncio.sleep(0.3)
    
        # Checkout back to main
>       subprocess.run([git_bin, "checkout", "main"], cwd=repo, check=True)

tests/test_daemon_torture.py:89: 
_ _ _ _ _ _ _ _ _ _ _ _ _ _ _ _ _ _ _ _ _ _ _ _ _ _ _ _ _ _ _ _ _ _ _ _ _ _ _ _ 

input = None, capture_output = False, timeout = None, check = True
popenargs = (['/usr/bin/git', 'checkout', 'main'],)
kwargs = {'cwd': PosixPath('/tmp/pytest-of-runner/pytest-0/test_daemon_survives_branch_sw0/repo')}
process = <Popen: returncode: 1 args: ['/usr/bin/git', 'checkout', 'main']>
stdout = None, stderr = None, retcode = 1

    def run(*popenargs,
            input=None, capture_output=False, timeout=None, check=False, **kwargs):
        """Run command with arguments and return a CompletedProcess instance.
    
        The returned instance will have attributes args, returncode, stdout and
        stderr. By default, stdout and stderr are not captured, and those attributes
        will be None. Pass stdout=PIPE and/or stderr=PIPE in order to capture them,
        or pass capture_output=True to capture both.
    
        If check is True and the exit code was non-zero, it raises a
        CalledProcessError. The CalledProcessError object will have the return code
        in the returncode attribute, and output & stderr attributes if those streams
        were captured.
    
        If timeout (seconds) is given and the process takes too long,
         a TimeoutExpired exception will be raised.
    
        There is an optional argument "input", allowing you to
        pass bytes or a string to the subprocess's stdin.  If you use this argument
        you may not also use the Popen constructor's "stdin" argument, as
        it will be used internally.
    
        By default, all communication is in bytes, and therefore any "input" should
        be bytes, and the stdout and stderr will be bytes. If in text mode, any
        "input" should be a string, and stdout and stderr will be strings decoded
        according to locale encoding, or by "encoding" if set. Text mode is
        triggered by setting any of text, encoding, errors or universal_newlines.
    
        The other arguments are the same as for the Popen constructor.
        """
        if input is not None:
            if kwargs.get('stdin') is not None:
                raise ValueError('stdin and input arguments may not both be used.')
            kwargs['stdin'] = PIPE
    
        if capture_output:
            if kwargs.get('stdout') is not None or kwargs.get('stderr') is not None:
                raise ValueError('stdout and stderr arguments may not be used '
                                 'with capture_output.')
            kwargs['stdout'] = PIPE
            kwargs['stderr'] = PIPE
    
        with Popen(*popenargs, **kwargs) as process:
            try:
                stdout, stderr = process.communicate(input, timeout=timeout)
            except TimeoutExpired as exc:
                process.kill()
                if _mswindows:
                    # Windows accumulates the output in a single blocking
                    # read() call run on child threads, with the timeout
                    # being done in a join() on those threads.  communicate()
                    # _after_ kill() is required to collect that and add it
                    # to the exception.
                    exc.stdout, exc.stderr = process.communicate()
                else:
                    # POSIX _communicate already populated the output so
                    # far into the TimeoutExpired exception.
                    process.wait()
                raise
            except:  # Including KeyboardInterrupt, communicate handled that.
                process.kill()
                # We don't call process.wait() as .__exit__ does that for us.
                raise
            retcode = process.poll()
            if check and retcode:
>               raise CalledProcessError(retcode, process.args,
                                         output=stdout, stderr=stderr)
E               subprocess.CalledProcessError: Command '['/usr/bin/git', 'checkout', 'main']' returned non-zero exit status 1.

../../../.local/share/uv/python/cpython-3.12.13-linux-x86_64-gnu/lib/python3.12/subprocess.py:571: CalledProcessError
---------------------------- Captured stdout setup -----------------------------
Initialized empty Git repository in /tmp/pytest-of-runner/pytest-0/test_daemon_survives_branch_sw0/repo/.git/
[master (root-commit) 9985ab2] initial commit
 1 file changed, 1 insertion(+)
 create mode 100644 app.py
---------------------------- Captured stderr setup -----------------------------
hint: Using 'master' as the name for the initial branch. This default branch name
hint: will change to "main" in Git 3.0. To configure the initial branch name
hint: to use in all of your new repositories, which will suppress this warning,
hint: call:
hint:
hint: 	git config --global init.defaultBranch <name>
hint:
hint: Names commonly chosen instead of 'master' are 'main', 'trunk' and
hint: 'development'. The just-created branch can be renamed via this command:
hint:
hint: 	git branch -m <name>
hint:
hint: Disable this message with "git config set advice.defaultBranchName false"
----------------------------- Captured stdout call -----------------------------
[feature/torture 7791b6b] add feature file
 2 files changed, 2 insertions(+)
 create mode 100644 .gitignore
 create mode 100644 feature.py
----------------------------- Captured stderr call -----------------------------
Switched to a new branch 'feature/torture'
error: pathspec 'main' did not match any file(s) known to git

---------- coverage: platform linux, python 3.12.13-final-0 ----------
Name                                  Stmts   Miss  Cover   Missing
-------------------------------------------------------------------
src/synapse/__init__.py                   2      0   100%
src/synapse/api/__init__.py               3      3     0%   1-5
src/synapse/api/app.py                   70     70     0%   1-111
src/synapse/cli/__init__.py               0      0   100%
src/synapse/cli/main.py                 651    439    33%   32-54, 81-88, 92-109, 136-188, 197-203, 230, 232, 240-244, 253-255, 259-274, 283-328, 338-409, 417-463, 477-598, 608-638, 646-653, 661-673, 681-754, 764-773, 781-795, 803-805, 814-871, 880-890, 899-908, 921-922, 973-974, 1000, 1003-1004, 1012-1013, 1112-1113, 1154, 1158-1161
src/synapse/config.py                   111     34    69%   32, 74-82, 86, 94, 102, 133, 144-153, 156-169
src/synapse/diagnostics/__init__.py       0      0   100%
src/synapse/diagnostics/logger.py        40     13    68%   34, 65-82
src/synapse/diagnostics/tracing.py       30      5    83%   37-39, 46, 60-62
src/synapse/embeddings/__init__.py        0      0   100%
src/synapse/git/__init__.py               2      0   100%
src/synapse/git/state.py                101     18    82%   58-59, 63-64, 71, 83-84, 105, 107, 113, 125-126, 128, 130-132, 135, 138
src/synapse/indexer/__init__.py           0      0   100%
src/synapse/indexer/daemon.py           101     27    73%   54-55, 86-87, 94-95, 105-106, 111-112, 114-115, 117-118, 121-133, 142-143
src/synapse/indexer/engine.py           174     45    74%   35, 59, 73, 76-77, 95-109, 115-117, 120, 128, 131-172, 271-282, 316-317, 321-324
src/synapse/indexer/scanner.py          305    106    65%   89-92, 95, 107, 110-111, 122-123, 128, 140, 145-146, 148-149, 159, 166-167, 204-205, 208, 226-227, 239-240, 242, 267, 286-287, 289, 298, 300, 302, 304, 306, 310-331, 387, 389, 394, 396-398, 411-426, 430-436, 440-456, 460-463
src/synapse/indexer/wiki.py              43      8    81%   58-61, 65-71
src/synapse/mcp/__init__.py               2      2     0%   3-5
src/synapse/mcp/server.py               134    134     0%   1-232
src/synapse/parser/__init__.py            0      0   100%
src/synapse/parser/registry.py          137     48    65%   64, 66, 68, 70, 72, 74, 76, 90, 113-173
src/synapse/provider/anthropic.py        32     22    31%   14-15, 26-66, 77, 82-86
src/synapse/provider/base.py             19      3    84%   29, 39, 44
src/synapse/provider/factory.py          47     33    30%   24-65, 70-101
src/synapse/provider/gemini.py           49     39    20%   14-15, 26-67, 75-92, 95-98
src/synapse/provider/mock.py             29     12    59%   27-28, 37, 53-63, 66
src/synapse/provider/ollama.py           49     39    20%   16-17, 28-66, 74-92, 95-98
src/synapse/provider/openai.py           45     35    22%   14-15, 26-57, 65-81, 84-90
src/synapse/retrieval/__init__.py         0      0   100%
src/synapse/retrieval/engine.py         115     10    91%   121-132, 187-190, 245-249
src/synapse/retrieval/memory.py          74     74     0%   1-112
src/synapse/storage/__init__.py           2      0   100%
src/synapse/storage/sqlite.py           193     43    78%   299-308, 328-336, 341-343, 417-422, 441-446, 449-450, 465-470, 494-495, 518, 520-523, 525-530, 563-575
src/synapse/utils/__init__.py             0      0   100%
src/synapse/utils/serialization.py       45     12    73%   28, 32, 34, 38, 40, 42, 44, 47-49, 60, 68
-------------------------------------------------------------------
TOTAL                                  2605   1274    51%
Coverage XML written to file coverage.xml

=========================== short test summary info ============================
FAILED tests/test_daemon_torture.py::test_daemon_survives_branch_switching - subprocess.CalledProcessError: Command '['/usr/bin/git', 'checkout', 'main']' returned non-zero exit status 1.
================== 1 failed, 37 passed, 6 deselected in 9.07s ==================
Task was destroyed but it is pending!
task: <Task pending name='Task-5' coro=<RuntimeDaemon.start() running at /home/runner/work/synapse/synapse/src/synapse/indexer/daemon.py:45> wait_for=<Future pending cb=[Task.task_wakeup()]>>
